25-03-20 13:50:23.389 : 07_NanoSR_inference
25-03-20 13:50:24.578 : 0000001.png - PSNR: 25.69 dB; SSIM: 0.6470.
25-03-20 13:50:25.667 : 0000002.png - PSNR: 21.01 dB; SSIM: 0.5252.
25-03-20 13:50:27.214 : 0000003.png - PSNR: 26.44 dB; SSIM: 0.6740.
25-03-20 13:50:27.888 : 0000004.png - PSNR: 24.41 dB; SSIM: 0.7891.
25-03-20 13:50:30.055 : 0000005.png - PSNR: 25.14 dB; SSIM: 0.7872.
25-03-20 13:50:30.958 : 0000006.png - PSNR: 20.42 dB; SSIM: 0.5021.
25-03-20 13:50:31.916 : 0000007.png - PSNR: 19.02 dB; SSIM: 0.6502.
25-03-20 13:50:32.493 : 0000008.png - PSNR: 23.40 dB; SSIM: 0.6875.
25-03-20 13:50:33.260 : 0000009.png - PSNR: 23.24 dB; SSIM: 0.5711.
25-03-20 13:50:34.184 : 0000010.png - PSNR: 21.00 dB; SSIM: 0.6187.
25-03-20 13:50:35.085 : 0000011.png - PSNR: 25.66 dB; SSIM: 0.5640.
25-03-20 13:50:36.348 : 0000012.png - PSNR: 25.37 dB; SSIM: 0.8762.
25-03-20 13:50:37.934 : 0000013.png - PSNR: 25.31 dB; SSIM: 0.8225.
25-03-20 13:50:38.550 : 0000014.png - PSNR: 24.93 dB; SSIM: 0.7154.
25-03-20 13:50:39.124 : 0000015.png - PSNR: 22.90 dB; SSIM: 0.6072.
25-03-20 13:50:40.782 : 0000016.png - PSNR: 21.02 dB; SSIM: 0.7058.
25-03-20 13:50:41.637 : 0000017.png - PSNR: 22.64 dB; SSIM: 0.6311.
25-03-20 13:50:43.492 : 0000018.png - PSNR: 25.92 dB; SSIM: 0.8109.
25-03-20 13:50:45.214 : 0000019.png - PSNR: 22.65 dB; SSIM: 0.7430.
25-03-20 13:50:46.873 : 0000020.png - PSNR: 25.13 dB; SSIM: 0.7785.
25-03-20 13:50:48.133 : 0000021.png - PSNR: 24.30 dB; SSIM: 0.7980.
25-03-20 13:50:49.252 : 0000022.png - PSNR: 26.08 dB; SSIM: 0.7218.
25-03-20 13:50:50.980 : 0000023.png - PSNR: 31.50 dB; SSIM: 0.8810.
25-03-20 13:50:51.703 : 0000024.png - PSNR: 20.95 dB; SSIM: 0.5601.
25-03-20 13:50:52.950 : 0000025.png - PSNR: 25.81 dB; SSIM: 0.7862.
25-03-20 13:50:53.713 : 0000026.png - PSNR: 31.67 dB; SSIM: 0.9182.
25-03-20 13:50:54.738 : 0000027.png - PSNR: 22.47 dB; SSIM: 0.7832.
25-03-20 13:50:55.554 : 0000028.png - PSNR: 20.81 dB; SSIM: 0.6290.
25-03-20 13:50:56.506 : 0000029.png - PSNR: 24.77 dB; SSIM: 0.7862.
25-03-20 13:50:58.095 : 0000030.png - PSNR: 23.39 dB; SSIM: 0.5889.
25-03-20 13:50:58.707 : 0000031.png - PSNR: 35.77 dB; SSIM: 0.9450.
25-03-20 13:50:59.788 : 0000032.png - PSNR: 21.50 dB; SSIM: 0.6660.
25-03-20 13:51:00.550 : 0000033.png - PSNR: 24.83 dB; SSIM: 0.7834.
25-03-20 13:51:00.927 : 0000034.png - PSNR: 21.72 dB; SSIM: 0.7464.
25-03-20 13:51:01.598 : 0000035.png - PSNR: 27.70 dB; SSIM: 0.8664.
25-03-20 13:51:02.362 : 0000036.png - PSNR: 21.21 dB; SSIM: 0.6795.
25-03-20 13:51:03.623 : 0000037.png - PSNR: 23.85 dB; SSIM: 0.8054.
25-03-20 13:51:04.782 : 0000038.png - PSNR: 23.60 dB; SSIM: 0.7005.
25-03-20 13:51:06.410 : 0000039.png - PSNR: 22.58 dB; SSIM: 0.7358.
25-03-20 13:51:06.979 : 0000040.png - PSNR: 33.97 dB; SSIM: 0.9424.
25-03-20 13:51:08.222 : 0000041.png - PSNR: 24.94 dB; SSIM: 0.7536.
25-03-20 13:51:08.805 : 0000042.png - PSNR: 22.00 dB; SSIM: 0.7009.
25-03-20 13:51:10.793 : 0000043.png - PSNR: 23.08 dB; SSIM: 0.8550.
25-03-20 13:51:11.619 : 0000044.png - PSNR: 24.18 dB; SSIM: 0.7340.
25-03-20 13:51:12.161 : 0000045.png - PSNR: 25.27 dB; SSIM: 0.8667.
25-03-20 13:51:14.164 : 0000046.png - PSNR: 26.37 dB; SSIM: 0.7416.
25-03-20 13:51:16.442 : 0000047.png - PSNR: 21.25 dB; SSIM: 0.5922.
25-03-20 13:51:20.331 : 0000048.png - PSNR: 29.38 dB; SSIM: 0.8090.
25-03-20 13:51:23.686 : 0000049.png - PSNR: 24.80 dB; SSIM: 0.7488.
25-03-20 13:51:24.744 : 0000050.png - PSNR: 29.75 dB; SSIM: 0.8499.
25-03-20 13:51:25.582 : 0000051.png - PSNR: 23.72 dB; SSIM: 0.6218.
25-03-20 13:51:28.498 : 0000052.png - PSNR: 26.35 dB; SSIM: 0.7654.
25-03-20 13:51:32.941 : 0000053.png - PSNR: 32.21 dB; SSIM: 0.8806.
25-03-20 13:51:34.201 : 0000054.png - PSNR: 27.96 dB; SSIM: 0.7330.
25-03-20 13:51:35.047 : 0000055.png - PSNR: 27.22 dB; SSIM: 0.7870.
25-03-20 13:51:36.753 : 0000056.png - PSNR: 24.79 dB; SSIM: 0.8336.
25-03-20 13:51:37.293 : 0000057.png - PSNR: 22.66 dB; SSIM: 0.7294.
25-03-20 13:51:39.607 : 0000058.png - PSNR: 19.11 dB; SSIM: 0.7256.
25-03-20 13:51:41.290 : 0000059.png - PSNR: 23.17 dB; SSIM: 0.6418.
25-03-20 13:51:42.570 : 0000060.png - PSNR: 22.80 dB; SSIM: 0.7612.
25-03-20 13:51:44.150 : 0000061.png - PSNR: 23.92 dB; SSIM: 0.8327.
25-03-20 13:51:45.322 : 0000062.png - PSNR: 20.88 dB; SSIM: 0.5734.
25-03-20 13:51:45.992 : 0000063.png - PSNR: 21.36 dB; SSIM: 0.6364.
25-03-20 13:51:47.845 : 0000064.png - PSNR: 28.52 dB; SSIM: 0.9107.
25-03-20 13:51:49.579 : 0000065.png - PSNR: 21.13 dB; SSIM: 0.7740.
25-03-20 13:51:50.875 : 0000066.png - PSNR: 24.05 dB; SSIM: 0.6362.
25-03-20 13:51:51.631 : 0000067.png - PSNR: 23.05 dB; SSIM: 0.6900.
25-03-20 13:51:52.762 : 0000068.png - PSNR: 26.64 dB; SSIM: 0.7152.
25-03-20 13:51:53.970 : 0000069.png - PSNR: 29.48 dB; SSIM: 0.8319.
25-03-20 13:51:55.239 : 0000070.png - PSNR: 31.76 dB; SSIM: 0.9377.
25-03-20 13:51:56.143 : 0000071.png - PSNR: 26.50 dB; SSIM: 0.9516.
25-03-20 13:51:57.269 : 0000072.png - PSNR: 26.60 dB; SSIM: 0.5934.
25-03-20 13:51:58.433 : 0000073.png - PSNR: 22.24 dB; SSIM: 0.6639.
25-03-20 13:51:59.775 : 0000074.png - PSNR: 27.42 dB; SSIM: 0.9316.
25-03-20 13:52:01.014 : 0000075.png - PSNR: 28.82 dB; SSIM: 0.8073.
25-03-20 13:52:02.428 : 0000076.png - PSNR: 22.96 dB; SSIM: 0.7679.
25-03-20 13:52:02.998 : 0000077.png - PSNR: 24.40 dB; SSIM: 0.6883.
25-03-20 13:52:04.005 : 0000078.png - PSNR: 26.18 dB; SSIM: 0.7952.
25-03-20 13:52:05.191 : 0000079.png - PSNR: 24.37 dB; SSIM: 0.7680.
25-03-20 13:52:06.483 : 0000080.png - PSNR: 24.44 dB; SSIM: 0.7777.
25-03-20 13:52:07.598 : 0000081.png - PSNR: 23.79 dB; SSIM: 0.7201.
25-03-20 13:52:08.821 : 0000082.png - PSNR: 19.81 dB; SSIM: 0.6188.
25-03-20 13:52:10.055 : 0000083.png - PSNR: 30.23 dB; SSIM: 0.8708.
25-03-20 13:52:10.695 : 0000084.png - PSNR: 31.75 dB; SSIM: 0.8688.
25-03-20 13:52:11.357 : 0000085.png - PSNR: 24.98 dB; SSIM: 0.7055.
25-03-20 13:52:12.494 : 0000086.png - PSNR: 27.27 dB; SSIM: 0.8164.
25-03-20 13:52:13.262 : 0000087.png - PSNR: 31.39 dB; SSIM: 0.8301.
25-03-20 13:52:14.611 : 0000088.png - PSNR: 29.98 dB; SSIM: 0.8295.
25-03-20 13:52:15.424 : 0000089.png - PSNR: 22.69 dB; SSIM: 0.7909.
25-03-20 13:52:16.613 : 0000090.png - PSNR: 21.48 dB; SSIM: 0.6833.
25-03-20 13:52:17.753 : 0000091.png - PSNR: 22.05 dB; SSIM: 0.6667.
25-03-20 13:52:19.313 : 0000092.png - PSNR: 18.95 dB; SSIM: 0.5265.
25-03-20 13:52:20.118 : 0000093.png - PSNR: 24.88 dB; SSIM: 0.7253.
25-03-20 13:52:20.901 : 0000094.png - PSNR: 22.91 dB; SSIM: 0.7414.
25-03-20 13:52:21.594 : 0000095.png - PSNR: 26.69 dB; SSIM: 0.7976.
25-03-20 13:52:23.398 : 0000096.png - PSNR: 29.69 dB; SSIM: 0.8515.
25-03-20 13:52:24.179 : 0000097.png - PSNR: 30.76 dB; SSIM: 0.9424.
25-03-20 13:52:27.414 : 0000098.png - PSNR: 24.16 dB; SSIM: 0.7534.
25-03-20 13:52:28.278 : 0000099.png - PSNR: 21.68 dB; SSIM: 0.6154.
25-03-20 13:52:29.466 : 0000100.png - PSNR: 25.30 dB; SSIM: 0.6356.
25-03-20 13:52:32.427 : 0801.png - PSNR: 29.35 dB; SSIM: 0.8465.
25-03-20 13:52:35.277 : 0802.png - PSNR: 35.32 dB; SSIM: 0.9011.
25-03-20 13:52:38.543 : 0803.png - PSNR: 40.54 dB; SSIM: 0.9703.
25-03-20 13:52:41.112 : 0804.png - PSNR: 27.48 dB; SSIM: 0.7917.
25-03-20 13:52:44.371 : 0805.png - PSNR: 28.45 dB; SSIM: 0.7712.
25-03-20 13:52:47.420 : 0806.png - PSNR: 28.42 dB; SSIM: 0.8657.
25-03-20 13:52:49.992 : 0807.png - PSNR: 20.25 dB; SSIM: 0.5307.
25-03-20 13:52:52.860 : 0808.png - PSNR: 26.85 dB; SSIM: 0.8004.
25-03-20 13:52:55.770 : 0809.png - PSNR: 32.21 dB; SSIM: 0.8608.
25-03-20 13:52:59.219 : 0810.png - PSNR: 26.66 dB; SSIM: 0.7771.
25-03-20 13:53:02.323 : 0811.png - PSNR: 29.06 dB; SSIM: 0.7861.
25-03-20 13:53:05.876 : 0812.png - PSNR: 28.02 dB; SSIM: 0.8146.
25-03-20 13:53:08.977 : 0813.png - PSNR: 31.42 dB; SSIM: 0.8791.
25-03-20 13:53:12.132 : 0814.png - PSNR: 28.32 dB; SSIM: 0.8991.
25-03-20 13:53:15.134 : 0815.png - PSNR: 34.16 dB; SSIM: 0.9184.
25-03-20 13:53:18.093 : 0816.png - PSNR: 31.71 dB; SSIM: 0.8406.
25-03-20 13:53:21.451 : 0817.png - PSNR: 32.18 dB; SSIM: 0.8843.
25-03-20 13:53:24.828 : 0818.png - PSNR: 28.91 dB; SSIM: 0.8999.
25-03-20 13:53:27.687 : 0819.png - PSNR: 28.06 dB; SSIM: 0.8217.
25-03-20 13:53:30.569 : 0820.png - PSNR: 25.00 dB; SSIM: 0.8101.
25-03-20 13:53:33.540 : 0821.png - PSNR: 32.35 dB; SSIM: 0.9275.
25-03-20 13:53:36.972 : 0822.png - PSNR: 30.72 dB; SSIM: 0.8689.
25-03-20 13:53:39.850 : 0823.png - PSNR: 26.14 dB; SSIM: 0.8210.
25-03-20 13:53:42.925 : 0824.png - PSNR: 28.64 dB; SSIM: 0.8941.
25-03-20 13:53:46.018 : 0825.png - PSNR: 27.46 dB; SSIM: 0.8232.
25-03-20 13:53:49.597 : 0826.png - PSNR: 24.27 dB; SSIM: 0.7630.
25-03-20 13:53:52.853 : 0827.png - PSNR: 33.61 dB; SSIM: 0.8837.
25-03-20 13:53:55.784 : 0828.png - PSNR: 21.63 dB; SSIM: 0.9013.
25-03-20 13:53:58.673 : 0829.png - PSNR: 26.59 dB; SSIM: 0.5322.
25-03-20 13:54:00.489 : 0830.png - PSNR: 24.52 dB; SSIM: 0.7267.
25-03-20 13:54:03.606 : 0831.png - PSNR: 30.39 dB; SSIM: 0.8786.
25-03-20 13:54:06.639 : 0832.png - PSNR: 30.65 dB; SSIM: 0.8820.
25-03-20 13:54:09.933 : 0833.png - PSNR: 34.24 dB; SSIM: 0.9065.
25-03-20 13:54:12.762 : 0834.png - PSNR: 25.40 dB; SSIM: 0.7790.
25-03-20 13:54:16.273 : 0835.png - PSNR: 22.85 dB; SSIM: 0.5969.
25-03-20 13:54:19.598 : 0836.png - PSNR: 26.02 dB; SSIM: 0.8005.
25-03-20 13:54:22.697 : 0837.png - PSNR: 26.34 dB; SSIM: 0.8360.
25-03-20 13:54:25.690 : 0838.png - PSNR: 37.75 dB; SSIM: 0.9064.
25-03-20 13:54:28.604 : 0839.png - PSNR: 29.09 dB; SSIM: 0.8221.
25-03-20 13:54:31.589 : 0840.png - PSNR: 28.42 dB; SSIM: 0.8149.
25-03-20 13:54:34.425 : 0841.png - PSNR: 28.24 dB; SSIM: 0.8607.
25-03-20 13:54:37.341 : 0842.png - PSNR: 29.80 dB; SSIM: 0.8552.
25-03-20 13:54:40.155 : 0843.png - PSNR: 41.27 dB; SSIM: 0.9783.
25-03-20 13:54:42.958 : 0844.png - PSNR: 44.56 dB; SSIM: 0.9859.
25-03-20 13:54:45.874 : 0845.png - PSNR: 24.27 dB; SSIM: 0.7736.
25-03-20 13:54:49.124 : 0846.png - PSNR: 25.61 dB; SSIM: 0.8036.
25-03-20 13:54:52.022 : 0847.png - PSNR: 27.84 dB; SSIM: 0.8293.
25-03-20 13:54:55.266 : 0848.png - PSNR: 27.34 dB; SSIM: 0.7391.
25-03-20 13:54:58.184 : 0849.png - PSNR: 22.40 dB; SSIM: 0.7754.
25-03-20 13:55:01.131 : 0850.png - PSNR: 29.23 dB; SSIM: 0.8425.
25-03-20 13:55:04.209 : 0851.png - PSNR: 28.51 dB; SSIM: 0.8749.
25-03-20 13:55:06.694 : 0852.png - PSNR: 30.06 dB; SSIM: 0.8419.
25-03-20 13:55:09.560 : 0853.png - PSNR: 34.02 dB; SSIM: 0.9306.
25-03-20 13:55:11.895 : 0854.png - PSNR: 24.97 dB; SSIM: 0.7408.
25-03-20 13:55:16.119 : 0855.png - PSNR: 29.35 dB; SSIM: 0.7484.
25-03-20 13:55:19.004 : 0856.png - PSNR: 24.31 dB; SSIM: 0.7033.
25-03-20 13:55:21.930 : 0857.png - PSNR: 34.95 dB; SSIM: 0.7924.
25-03-20 13:55:24.900 : 0858.png - PSNR: 28.55 dB; SSIM: 0.7894.
25-03-20 13:55:28.026 : 0859.png - PSNR: 25.32 dB; SSIM: 0.6854.
25-03-20 13:55:31.586 : 0860.png - PSNR: 20.57 dB; SSIM: 0.6282.
25-03-20 13:55:34.510 : 0861.png - PSNR: 23.06 dB; SSIM: 0.7602.
25-03-20 13:55:37.401 : 0862.png - PSNR: 33.13 dB; SSIM: 0.8244.
25-03-20 13:55:40.758 : 0863.png - PSNR: 33.22 dB; SSIM: 0.8984.
25-03-20 13:55:43.696 : 0864.png - PSNR: 30.00 dB; SSIM: 0.7865.
25-03-20 13:55:47.244 : 0865.png - PSNR: 27.34 dB; SSIM: 0.7618.
25-03-20 13:55:50.487 : 0866.png - PSNR: 25.02 dB; SSIM: 0.8006.
25-03-20 13:55:53.426 : 0867.png - PSNR: 28.56 dB; SSIM: 0.8584.
25-03-20 13:55:56.409 : 0868.png - PSNR: 32.92 dB; SSIM: 0.9600.
25-03-20 13:55:59.297 : 0869.png - PSNR: 23.70 dB; SSIM: 0.7942.
25-03-20 13:56:02.990 : 0870.png - PSNR: 28.62 dB; SSIM: 0.8443.
25-03-20 13:56:06.160 : 0871.png - PSNR: 32.24 dB; SSIM: 0.9038.
25-03-20 13:56:09.244 : 0872.png - PSNR: 24.03 dB; SSIM: 0.6915.
25-03-20 13:56:12.217 : 0873.png - PSNR: 24.14 dB; SSIM: 0.7402.
25-03-20 13:56:15.166 : 0874.png - PSNR: 30.17 dB; SSIM: 0.7918.
25-03-20 13:56:18.607 : 0875.png - PSNR: 24.43 dB; SSIM: 0.6698.
25-03-20 13:56:21.648 : 0876.png - PSNR: 22.13 dB; SSIM: 0.5819.
25-03-20 13:56:24.305 : 0877.png - PSNR: 40.33 dB; SSIM: 0.9677.
25-03-20 13:56:28.361 : 0878.png - PSNR: 32.26 dB; SSIM: 0.8977.
25-03-20 13:56:32.498 : 0879.png - PSNR: 27.43 dB; SSIM: 0.8645.
25-03-20 13:56:35.429 : 0880.png - PSNR: 32.03 dB; SSIM: 0.8995.
25-03-20 13:56:38.184 : 0881.png - PSNR: 25.97 dB; SSIM: 0.7754.
25-03-20 13:56:41.151 : 0882.png - PSNR: 34.14 dB; SSIM: 0.9465.
25-03-20 13:56:44.096 : 0883.png - PSNR: 26.35 dB; SSIM: 0.7470.
25-03-20 13:56:46.992 : 0884.png - PSNR: 26.05 dB; SSIM: 0.7495.
25-03-20 13:56:49.904 : 0885.png - PSNR: 22.96 dB; SSIM: 0.5969.
25-03-20 13:56:52.723 : 0886.png - PSNR: 36.45 dB; SSIM: 0.9198.
25-03-20 13:56:55.646 : 0887.png - PSNR: 25.34 dB; SSIM: 0.7700.
25-03-20 13:56:58.751 : 0888.png - PSNR: 30.66 dB; SSIM: 0.8845.
25-03-20 13:57:01.764 : 0889.png - PSNR: 30.94 dB; SSIM: 0.9088.
25-03-20 13:57:04.780 : 0890.png - PSNR: 25.31 dB; SSIM: 0.7425.
25-03-20 13:57:08.311 : 0891.png - PSNR: 27.20 dB; SSIM: 0.8352.
25-03-20 13:57:11.356 : 0892.png - PSNR: 30.55 dB; SSIM: 0.9193.
25-03-20 13:57:14.299 : 0893.png - PSNR: 33.32 dB; SSIM: 0.8158.
25-03-20 13:57:17.166 : 0894.png - PSNR: 31.87 dB; SSIM: 0.8920.
25-03-20 13:57:19.995 : 0895.png - PSNR: 20.42 dB; SSIM: 0.5731.
25-03-20 13:57:22.889 : 0896.png - PSNR: 39.18 dB; SSIM: 0.9426.
25-03-20 13:57:25.760 : 0897.png - PSNR: 22.10 dB; SSIM: 0.6916.
25-03-20 13:57:28.601 : 0898.png - PSNR: 34.53 dB; SSIM: 0.9096.
25-03-20 13:57:31.416 : 0899.png - PSNR: 31.54 dB; SSIM: 0.9039.
25-03-20 13:57:33.880 : 0900.png - PSNR: 28.23 dB; SSIM: 0.8656.
25-03-20 13:57:33.976 :       Max Memory : 965.475 [M]
25-03-20 13:57:33.976 : ------> Average runtime of (valid) is : 5.782944 milliseconds
25-03-20 13:57:33.976 : ------> Average PSNR of (valid) is : 26.972394 dB
25-03-20 13:57:33.980 :     #Activations : 88.0804 [M]
25-03-20 13:57:33.980 :          #Conv2d : 28
25-03-20 13:57:34.001 :            FLOPs : 36.0217 [G]
25-03-20 13:57:34.001 :          #Params : 0.5510 [M]

25-03-20 14:13:58.784 : 07_NanoSR_inference
25-03-20 14:14:22.134 :       Max Memory : 1584.232 [M]
25-03-20 14:14:22.134 : ------> Average runtime of (test) is : 5.672699 milliseconds
25-03-20 14:14:22.138 :     #Activations : 88.0804 [M]
25-03-20 14:14:22.138 :          #Conv2d : 28
25-03-20 14:14:22.159 :            FLOPs : 36.0217 [G]
25-03-20 14:14:22.160 :          #Params : 0.5510 [M]


25-03-20 14:20:04.564 : 07_NanoSR_inference
25-03-20 14:20:28.300 :       Max Memory : 1584.232 [M]
25-03-20 14:20:28.300 : ------> Average runtime of (test) is : 5.762143 milliseconds
25-03-20 14:20:28.306 :     #Activations : 88.0804 [M]
25-03-20 14:20:28.306 :          #Conv2d : 28
25-03-20 14:20:28.334 :            FLOPs : 36.0217 [G]
25-03-20 14:20:28.335 :          #Params : 0.5510 [M]
